<?xml version="1.0" encoding="UTF-8"?>
<!-- Generated by org.testng.reporters.JUnitReportReporter -->
<testsuite hostname="LAPTOP-J6JSJEKO" failures="0" tests="1" name="library.TestCase" time="9.299" errors="0" timestamp="2021-08-16T23:04:28 IST" skipped="0">
  <testcase classname="library.TestCase" name="testlogin" time="9.299"/>
  <system-out/>
</testsuite> <!-- library.TestCase -->
