<?xml version="1.0" encoding="UTF-8"?>
<!-- Generated by org.testng.reporters.JUnitReportReporter -->
<testsuite hostname="LAPTOP-J6JSJEKO" failures="0" tests="1" name="library.TestLogin" time="50.783" errors="0" timestamp="2021-08-18T22:36:44 IST" skipped="0">
  <testcase classname="library.TestLogin" name="testlogin" time="50.783"/>
  <system-out/>
</testsuite> <!-- library.TestLogin -->
